TN:
SF:src\barChart.ts
FN:101,visualTransform
FN:166,getColumnColorByIndex
FN:190,getColumnStrokeColor
FN:196,getColumnStrokeWidth
FN:202,getAxisTextFillColor
FN:254,(anonymous_5)
FN:278,(anonymous_6)
FN:304,(anonymous_7)
FN:335,(anonymous_8)
FN:336,(anonymous_9)
FN:337,(anonymous_10)
FN:338,(anonymous_11)
FN:339,(anonymous_12)
FN:340,(anonymous_13)
FN:348,(anonymous_14)
FN:353,(anonymous_15)
FN:367,(anonymous_16)
FNF:17
FNH:16
FNDA:1,visualTransform
FNDA:7,getColumnColorByIndex
FNDA:1,getColumnStrokeColor
FNDA:1,getColumnStrokeWidth
FNDA:2,getAxisTextFillColor
FNDA:1,(anonymous_5)
FNDA:1,(anonymous_6)
FNDA:7,(anonymous_7)
FNDA:7,(anonymous_8)
FNDA:7,(anonymous_9)
FNDA:7,(anonymous_10)
FNDA:7,(anonymous_11)
FNDA:7,(anonymous_12)
FNDA:7,(anonymous_13)
FNDA:1,(anonymous_14)
FNDA:7,(anonymous_15)
FNDA:0,(anonymous_16)
DA:35,1
DA:85,1
DA:102,1
DA:103,1
DA:109,1
DA:116,0
DA:119,1
DA:120,1
DA:121,1
DA:123,1
DA:126,1
DA:127,1
DA:129,1
DA:131,1
DA:138,1
DA:140,1
DA:141,7
DA:143,7
DA:147,7
DA:157,1
DA:159,1
DA:171,7
DA:172,0
DA:175,7
DA:181,7
DA:191,1
DA:197,1
DA:207,2
DA:208,0
DA:211,2
DA:233,1
DA:255,1
DA:257,1
DA:261,1
DA:265,1
DA:279,1
DA:280,1
DA:281,1
DA:283,1
DA:284,1
DA:286,1
DA:290,1
DA:291,0
DA:292,0
DA:295,1
DA:299,1
DA:303,1
DA:304,7
DA:308,1
DA:310,1
DA:311,1
DA:319,1
DA:320,1
DA:322,1
DA:326,1
DA:331,1
DA:333,1
DA:335,7
DA:336,7
DA:337,7
DA:338,7
DA:339,7
DA:340,7
DA:342,1
DA:353,1
DA:354,7
DA:368,0
DA:369,0
DA:371,0
DA:374,0
DA:377,0
DA:379,0
DA:387,0
DA:389,0
DA:390,0
DA:407,0
DA:410,0
LF:77
LH:61
BRDA:109,0,0,0
BRDA:109,0,1,1
BRDA:109,1,0,1
BRDA:109,1,1,1
BRDA:109,1,2,1
BRDA:109,1,3,1
BRDA:109,1,4,1
BRDA:109,1,5,1
BRDA:171,2,0,0
BRDA:171,2,1,7
BRDA:192,3,0,0
BRDA:192,3,1,1
BRDA:198,4,0,0
BRDA:198,4,1,1
BRDA:207,5,0,0
BRDA:207,5,1,2
BRDA:290,6,0,0
BRDA:290,6,1,1
BRDA:310,7,0,1
BRDA:310,7,1,0
BRDA:371,8,0,0
BRDA:371,8,1,0
BRDA:371,9,0,0
BRDA:371,9,1,0
BRDA:371,9,2,0
BRDA:378,10,0,0
BRDA:378,10,1,0
BRF:27
BRH:13
end_of_record
TN:
SF:src\objectEnumerationUtility.ts
FN:17,getValue
FN:40,getCategoricalObjectValue
FNF:2
FNH:2
FNDA:3,getValue
FNDA:7,getCategoricalObjectValue
DA:18,3
DA:19,0
DA:20,0
DA:21,0
DA:22,0
DA:23,0
DA:27,3
DA:41,7
DA:43,7
DA:44,0
DA:45,0
DA:46,0
DA:47,0
DA:48,0
DA:49,0
DA:50,0
DA:55,7
LF:17
LH:5
BRDA:18,0,0,0
BRDA:18,0,1,3
BRDA:20,1,0,0
BRDA:20,1,1,0
BRDA:22,2,0,0
BRDA:22,2,1,0
BRDA:43,3,0,0
BRDA:43,3,1,7
BRDA:45,4,0,0
BRDA:45,4,1,0
BRDA:47,5,0,0
BRDA:47,5,1,0
BRDA:49,6,0,0
BRDA:49,6,1,0
BRF:14
BRH:2
end_of_record
