<?xml version="1.0"?>
<testsuite name="Chrome 93.0.4577.0 (Windows 10)" package="" timestamp="2021-11-24T07:11:31" id="0" hostname="DESKTOP-1537CHF" tests="1" errors="0" failures="0" time="0.022">
  <properties>
    <property name="browser.fullName" value="Mozilla/5.0 (Windows NT 10.0; Win64; x64) AppleWebKit/537.36 (KHTML, like Gecko) Chrome/93.0.4577.0 Safari/537.36"/>
  </properties>
  <testcase name="BarChart main element created" time="0.022" classname="BarChart"/>
  <system-out>
    <![CDATA[Chrome 93.0.4577.0 (Windows 10) ERROR
  Disconnected Client disconnected from CONNECTED state (transport close)
,Chrome 93.0.4577.0 (Windows 10) ERROR: 'uuidv4() is deprecated. Use v4() from the uuid module instead.'

]]>
  </system-out>
  <system-err/>
</testsuite>